0 info it worked if it ends with ok
1 verbose cli [ '/usr/local/bin/node',
1 verbose cli   '/usr/local/bin/npm',
1 verbose cli   'run',
1 verbose cli   'tsc:client' ]
2 info using npm@3.3.12
3 info using node@v5.3.0
4 verbose run-script [ 'pretsc:client', 'tsc:client', 'posttsc:client' ]
5 info lifecycle my-project@1.0.0~pretsc:client: my-project@1.0.0
6 silly lifecycle my-project@1.0.0~pretsc:client: no script for pretsc:client, continuing
7 info lifecycle my-project@1.0.0~tsc:client: my-project@1.0.0
8 verbose lifecycle my-project@1.0.0~tsc:client: unsafe-perm in lifecycle true
9 verbose lifecycle my-project@1.0.0~tsc:client: PATH: /usr/local/lib/node_modules/npm/bin/node-gyp-bin:/my/a2/my-project/node_modules/.bin:/usr/local/lib/node_modules/npm/bin/node-gyp-bin:/my/a2/my-project/node_modules/.bin:/Users/takeshi/google-cloud-sdk/bin:/usr/local/bin:/usr/bin:/bin:/usr/sbin:/sbin:/usr/local/go/bin:/Users/takeshi/.rvm/bin:/bin
10 verbose lifecycle my-project@1.0.0~tsc:client: CWD: /my/a2/my-project
11 silly lifecycle my-project@1.0.0~tsc:client: Args: [ '-c', 'tsc -w -p ./client/' ]
12 silly lifecycle my-project@1.0.0~tsc:client: Returned: code: 1  signal: null
13 info lifecycle my-project@1.0.0~tsc:client: Failed to exec tsc:client script
14 verbose stack Error: my-project@1.0.0 tsc:client: `tsc -w -p ./client/`
14 verbose stack Exit status 1
14 verbose stack     at EventEmitter.<anonymous> (/usr/local/lib/node_modules/npm/lib/utils/lifecycle.js:232:16)
14 verbose stack     at emitTwo (events.js:87:13)
14 verbose stack     at EventEmitter.emit (events.js:172:7)
14 verbose stack     at ChildProcess.<anonymous> (/usr/local/lib/node_modules/npm/lib/utils/spawn.js:24:14)
14 verbose stack     at emitTwo (events.js:87:13)
14 verbose stack     at ChildProcess.emit (events.js:172:7)
14 verbose stack     at maybeClose (internal/child_process.js:818:16)
14 verbose stack     at Process.ChildProcess._handle.onexit (internal/child_process.js:211:5)
15 verbose pkgid my-project@1.0.0
16 verbose cwd /my/a2/my-project
17 error Darwin 14.5.0
18 error argv "/usr/local/bin/node" "/usr/local/bin/npm" "run" "tsc:client"
19 error node v5.3.0
20 error npm  v3.3.12
21 error code ELIFECYCLE
22 error my-project@1.0.0 tsc:client: `tsc -w -p ./client/`
22 error Exit status 1
23 error Failed at the my-project@1.0.0 tsc:client script 'tsc -w -p ./client/'.
23 error Make sure you have the latest version of node.js and npm installed.
23 error If you do, this is most likely a problem with the my-project package,
23 error not with npm itself.
23 error Tell the author that this fails on your system:
23 error     tsc -w -p ./client/
23 error You can get their info via:
23 error     npm owner ls my-project
23 error There is likely additional logging output above.
24 verbose exit [ 1, true ]
